  MyForm.cpp
  Origine.cpp
C:\Users\pc\source\repos\Project3\Project3\Origine.cpp(832,56): warning C4244: 'argomento': conversione da 'double' a 'int'. Possibile perdita di dati.
C:\Users\pc\source\repos\Project3\Project3\Origine.cpp(836,60): warning C4244: 'argomento': conversione da 'double' a 'int'. Possibile perdita di dati.
C:\Users\pc\source\repos\Project3\Project3\Origine.cpp(837,64): warning C4244: 'argomento': conversione da 'double' a 'int'. Possibile perdita di dati.
C:\Users\pc\source\repos\Project3\Project3\Origine.cpp(851,57): warning C4244: 'argomento': conversione da 'double' a 'int'. Possibile perdita di dati.
C:\Users\pc\source\repos\Project3\Project3\Origine.cpp(854,57): warning C4244: 'argomento': conversione da 'double' a 'int'. Possibile perdita di dati.
C:\Users\pc\source\repos\Project3\Project3\Origine.cpp(855,57): warning C4244: 'argomento': conversione da 'double' a 'int'. Possibile perdita di dati.
C:\Users\pc\source\repos\Project3\Project3\Origine.cpp(924,57): warning C4244: 'argomento': conversione da 'double' a '_Tp'. Possibile perdita di dati.
          with
          [
              _Tp=int
          ]
  Calcolo.cpp
  .NETFramework,Version=v4.7.1.AssemblyAttributes.cpp
  Generazione del codice in corso...
C:\Users\pc\prova\opencv\build\include\opencv2\core\cuda.inl.hpp(105): warning C4793: 'cv::cuda::GpuMat::GpuMat': funzione compilata come nativa:
  	Rilevato un intrinseco non supportato nel codice gestito
C:\Users\pc\prova\opencv\build\include\opencv2\core\cuda.inl.hpp(395): warning C4793: 'cv::cuda::HostMem::HostMem': funzione compilata come nativa:
  	Rilevato un intrinseco non supportato nel codice gestito
C:\Users\pc\prova\opencv\build\include\opencv2\core\mat.inl.hpp(530): warning C4793: 'cv::Mat::Mat': funzione compilata come nativa:
  	Rilevato un intrinseco non supportato nel codice gestito
C:\Users\pc\prova\opencv\build\include\opencv2\core\fast_math.hpp(315): warning C4793: '`anonymous namespace'::cvRound': funzione compilata come nativa:
  	Rilevato un intrinseco non supportato nel codice gestito
C:\Users\pc\prova\opencv\build\include\opencv2\core\fast_math.hpp(316): warning C4793: '`anonymous namespace'::cvRound': funzione compilata come nativa:
  	Rilevato un intrinseco non supportato nel codice gestito
C:\Users\pc\prova\opencv\build\include\opencv2\core\mat.inl.hpp(850): warning C4793: 'cv::Mat::release': funzione compilata come nativa:
  	Rilevato un intrinseco non supportato nel codice gestito
C:\Users\pc\prova\opencv\build\include\opencv2\core\mat.inl.hpp(2181): warning C4793: 'cv::SparseMat::addref': funzione compilata come nativa:
  	Rilevato un intrinseco non supportato nel codice gestito
C:\Users\pc\prova\opencv\build\include\opencv2\core\mat.inl.hpp(3781): warning C4793: 'cv::UMat::addref': funzione compilata come nativa:
  	Rilevato un intrinseco non supportato nel codice gestito
C:\Users\pc\prova\opencv\build\include\opencv2\core\mat.inl.hpp(748): warning C4793: 'cv::Mat::operator=': funzione compilata come nativa:
  	Rilevato un intrinseco non supportato nel codice gestito
  MyForm.obj : rilevato modulo MSIL; il collegamento incrementale è disabilitato per MSIL; verrà eseguito il collegamento completo
  Project3.vcxproj -> C:\Users\pc\source\repos\Project3\x64\Debug\Project3.exe
